Build started 5/13/2015 3:48:41 PM.
     1>Project "D:\Users\amt3824\Git\Brickware-Engine\Build\BrickwareGraphics\BrickwareGraphics.vcxproj" on node 2 (Build target(s)).
     1>ClCompile:
         C:\Program Files (x86)\Microsoft Visual Studio 12.0\VC\bin\CL.exe /c /I"D:\Users\amt3824\Git\Brickware-Engine\BrickwareGraphics\include" /I"D:\Users\amt3824\Git\Brickware-Engine\BrickwareMath\include" /I"D:\Users\amt3824\Git\Brickware-Engine\BrickwareUtils\include" /I"D:\Users\amt3824\Git\Brickware-Engine\GL\include" /I"D:\Users\amt3824\Git\Brickware-Engine\GLFW\include" /Zi /nologo /W3 /WX- /Od /Ob0 /Oy- /D WIN32 /D _WINDOWS /D _DEBUG /D D3D_SUPPORT /D "CMAKE_INTDIR=\"Debug\"" /D BrickwareGraphics_EXPORTS /D _WINDLL /D _MBCS /Gm- /EHsc /RTC1 /MDd /GS /fp:precise /Zc:wchar_t /Zc:forScope /GR /Fo"BrickwareGraphics.dir\Debug\\" /Fd"BrickwareGraphics.dir\Debug\vc120.pdb" /Gd /TP /analyze- /errorReport:prompt "D:\Users\amt3824\Git\Brickware-Engine\BrickwareGraphics\src\ShaderD3D.cpp" "D:\Users\amt3824\Git\Brickware-Engine\BrickwareGraphics\src\TextureD3D.cpp"
         ShaderD3D.cpp
         TextureD3D.cpp
         Generating Code...
       Link:
         C:\Program Files (x86)\Microsoft Visual Studio 12.0\VC\bin\link.exe /ERRORREPORT:PROMPT /OUT:"D:\Users\amt3824\Git\Brickware-Engine\Build\TestBuild\BrickwareGraphics.dll" /INCREMENTAL /NOLOGO kernel32.lib user32.lib gdi32.lib winspool.lib shell32.lib ole32.lib oleaut32.lib uuid.lib comdlg32.lib advapi32.lib d3d11.lib dxguid.lib d3dcompiler.lib ..\TestBuild\BrickwareMath.lib ..\TestBuild\BrickwareUtils.lib /MANIFEST /MANIFESTUAC:"level='asInvoker' uiAccess='false'" /manifest:embed /DEBUG /PDB:"D:/Users/amt3824/Git/Brickware-Engine/Build/TestBuild/BrickwareGraphics.pdb" /SUBSYSTEM:CONSOLE /TLBID:1 /DYNAMICBASE /NXCOMPAT /IMPLIB:"D:/Users/amt3824/Git/Brickware-Engine/Build/TestBuild/BrickwareGraphics.lib" /MACHINE:X86 /SAFESEH  /machine:X86 /debug /DLL BrickwareGraphics.dir\Debug\dxerr.obj
         BrickwareGraphics.dir\Debug\Light.obj
         BrickwareGraphics.dir\Debug\Material.obj
         BrickwareGraphics.dir\Debug\MaterialD3D.obj
         BrickwareGraphics.dir\Debug\MaterialGL.obj
         BrickwareGraphics.dir\Debug\Mesh.obj
         BrickwareGraphics.dir\Debug\Primitive.obj
         BrickwareGraphics.dir\Debug\PrimitiveManager.obj
         BrickwareGraphics.dir\Debug\RenderingManager.obj
         BrickwareGraphics.dir\Debug\RenderingManagerD3D.obj
         BrickwareGraphics.dir\Debug\RenderingManagerGL.obj
         BrickwareGraphics.dir\Debug\Shader.obj
         BrickwareGraphics.dir\Debug\ShaderD3D.obj
         BrickwareGraphics.dir\Debug\ShaderGL.obj
         BrickwareGraphics.dir\Debug\Texture.obj
         BrickwareGraphics.dir\Debug\TextureD3D.obj
         BrickwareGraphics.dir\Debug\TextureGL.obj
         BrickwareGraphics.vcxproj -> D:\Users\amt3824\Git\Brickware-Engine\Build\TestBuild\BrickwareGraphics.dll
     1>Done Building Project "D:\Users\amt3824\Git\Brickware-Engine\Build\BrickwareGraphics\BrickwareGraphics.vcxproj" (Build target(s)).

Build succeeded.

Time Elapsed 00:00:04.38
