d:\users\amt3824\git\brickware-engine\build\testbuild\brickwaregraphics.lib
d:\users\amt3824\git\brickware-engine\build\testbuild\brickwaregraphics.exp
d:\users\amt3824\git\brickware-engine\build\brickwaregraphics\brickwaregraphics.dir\debug\vc120.pdb
d:\users\amt3824\git\brickware-engine\build\brickwaregraphics\brickwaregraphics.dir\debug\texturegl.obj
d:\users\amt3824\git\brickware-engine\build\brickwaregraphics\brickwaregraphics.dir\debug\textured3d.obj
d:\users\amt3824\git\brickware-engine\build\brickwaregraphics\brickwaregraphics.dir\debug\texture.obj
d:\users\amt3824\git\brickware-engine\build\brickwaregraphics\brickwaregraphics.dir\debug\shadergl.obj
d:\users\amt3824\git\brickware-engine\build\brickwaregraphics\brickwaregraphics.dir\debug\shaderd3d.obj
d:\users\amt3824\git\brickware-engine\build\brickwaregraphics\brickwaregraphics.dir\debug\shader.obj
d:\users\amt3824\git\brickware-engine\build\brickwaregraphics\brickwaregraphics.dir\debug\renderingmanagergl.obj
d:\users\amt3824\git\brickware-engine\build\brickwaregraphics\brickwaregraphics.dir\debug\renderingmanagerd3d.obj
d:\users\amt3824\git\brickware-engine\build\brickwaregraphics\brickwaregraphics.dir\debug\renderingmanager.obj
d:\users\amt3824\git\brickware-engine\build\brickwaregraphics\brickwaregraphics.dir\debug\primitivemanager.obj
d:\users\amt3824\git\brickware-engine\build\brickwaregraphics\brickwaregraphics.dir\debug\primitive.obj
d:\users\amt3824\git\brickware-engine\build\brickwaregraphics\brickwaregraphics.dir\debug\mesh.obj
d:\users\amt3824\git\brickware-engine\build\brickwaregraphics\brickwaregraphics.dir\debug\materialgl.obj
d:\users\amt3824\git\brickware-engine\build\brickwaregraphics\brickwaregraphics.dir\debug\materiald3d.obj
d:\users\amt3824\git\brickware-engine\build\brickwaregraphics\brickwaregraphics.dir\debug\material.obj
d:\users\amt3824\git\brickware-engine\build\brickwaregraphics\brickwaregraphics.dir\debug\light.obj
d:\users\amt3824\git\brickware-engine\build\brickwaregraphics\brickwaregraphics.dir\debug\dxerr.obj
d:\users\amt3824\git\brickware-engine\build\brickwaregraphics\cmakefiles\generate.stamp
d:\users\amt3824\git\brickware-engine\build\testbuild\brickwaregraphics.ilk
d:\users\amt3824\git\brickware-engine\build\testbuild\brickwaregraphics.dll
d:\users\amt3824\git\brickware-engine\build\testbuild\brickwaregraphics.pdb
d:\users\amt3824\git\brickware-engine\build\brickwaregraphics\brickwaregraphics.dir\debug\brickwar.60bc06a3.tlog\brickwaregraphics.write.1u.tlog
d:\users\amt3824\git\brickware-engine\build\brickwaregraphics\brickwaregraphics.dir\debug\brickwar.60bc06a3.tlog\cl.command.1.tlog
d:\users\amt3824\git\brickware-engine\build\brickwaregraphics\brickwaregraphics.dir\debug\brickwar.60bc06a3.tlog\cl.read.1.tlog
d:\users\amt3824\git\brickware-engine\build\brickwaregraphics\brickwaregraphics.dir\debug\brickwar.60bc06a3.tlog\cl.write.1.tlog
d:\users\amt3824\git\brickware-engine\build\brickwaregraphics\brickwaregraphics.dir\debug\brickwar.60bc06a3.tlog\custombuild.command.1.tlog
d:\users\amt3824\git\brickware-engine\build\brickwaregraphics\brickwaregraphics.dir\debug\brickwar.60bc06a3.tlog\custombuild.read.1.tlog
d:\users\amt3824\git\brickware-engine\build\brickwaregraphics\brickwaregraphics.dir\debug\brickwar.60bc06a3.tlog\custombuild.write.1.tlog
d:\users\amt3824\git\brickware-engine\build\brickwaregraphics\brickwaregraphics.dir\debug\brickwar.60bc06a3.tlog\link.command.1.tlog
d:\users\amt3824\git\brickware-engine\build\brickwaregraphics\brickwaregraphics.dir\debug\brickwar.60bc06a3.tlog\link.read.1.tlog
d:\users\amt3824\git\brickware-engine\build\brickwaregraphics\brickwaregraphics.dir\debug\brickwar.60bc06a3.tlog\link.write.1.tlog
