c:\cygwin\home\arsen_000\git\brickware-engine\debug\vc120.pdb
c:\cygwin\home\arsen_000\git\brickware-engine\debug\vc120.idb
c:\cygwin\home\arsen_000\git\brickware-engine\debug\frustrumcollider.obj
c:\cygwin\home\arsen_000\git\brickware-engine\debug\gameobject.obj
c:\cygwin\home\arsen_000\git\brickware-engine\debug\light.obj
c:\cygwin\home\arsen_000\git\brickware-engine\debug\main.obj
c:\cygwin\home\arsen_000\git\brickware-engine\debug\material.obj
c:\cygwin\home\arsen_000\git\brickware-engine\debug\matrix4.obj
c:\cygwin\home\arsen_000\git\brickware-engine\debug\mesh.obj
c:\cygwin\home\arsen_000\git\brickware-engine\debug\meshrenderer.obj
c:\cygwin\home\arsen_000\git\brickware-engine\debug\octree.obj
c:\cygwin\home\arsen_000\git\brickware-engine\debug\quaternion.obj
c:\cygwin\home\arsen_000\git\brickware-engine\debug\rigidbody.obj
c:\cygwin\home\arsen_000\git\brickware-engine\debug\shader.obj
c:\cygwin\home\arsen_000\git\brickware-engine\debug\shape.obj
c:\cygwin\home\arsen_000\git\brickware-engine\debug\spherecollider.obj
c:\cygwin\home\arsen_000\git\brickware-engine\debug\transform.obj
c:\cygwin\home\arsen_000\git\brickware-engine\debug\triangle.obj
c:\cygwin\home\arsen_000\git\brickware-engine\debug\utils.obj
c:\cygwin\home\arsen_000\git\brickware-engine\debug\vector2.obj
c:\cygwin\home\arsen_000\git\brickware-engine\debug\vector3.obj
c:\cygwin\home\arsen_000\git\brickware-engine\debug\vector4.obj
c:\cygwin\home\arsen_000\git\brickware-engine\debug\bounds.obj
c:\cygwin\home\arsen_000\git\brickware-engine\debug\boxcollider.obj
c:\cygwin\home\arsen_000\git\brickware-engine\debug\camera.obj
c:\cygwin\home\arsen_000\git\brickware-engine\debug\collider.obj
c:\cygwin\home\arsen_000\git\brickware-engine\debug\component.obj
c:\cygwin\home\arsen_000\git\brickware-engine\debug\brickware-engine.pdb
c:\cygwin\home\arsen_000\git\brickware-engine\debug\brickware-engine.tlog\cl.command.1.tlog
c:\cygwin\home\arsen_000\git\brickware-engine\debug\brickware-engine.tlog\cl.read.1.tlog
c:\cygwin\home\arsen_000\git\brickware-engine\debug\brickware-engine.tlog\cl.write.1.tlog
c:\cygwin\home\arsen_000\git\brickware-engine\debug\brickware-engine.tlog\link-cvtres.read.1.tlog
c:\cygwin\home\arsen_000\git\brickware-engine\debug\brickware-engine.tlog\link-cvtres.write.1.tlog
c:\cygwin\home\arsen_000\git\brickware-engine\debug\brickware-engine.tlog\link-rc.read.1.tlog
c:\cygwin\home\arsen_000\git\brickware-engine\debug\brickware-engine.tlog\link-rc.write.1.tlog
c:\cygwin\home\arsen_000\git\brickware-engine\debug\brickware-engine.tlog\link.command.1.tlog
c:\cygwin\home\arsen_000\git\brickware-engine\debug\brickware-engine.tlog\link.read.1.tlog
c:\cygwin\home\arsen_000\git\brickware-engine\debug\brickware-engine.tlog\link.write.1.tlog
