Build started 4/2/2015 7:57:08 PM.
     1>Project "D:\Users\amt3824\Git\Brickware-Engine\BrickwareMath\BrickwareMath.vcxproj" on node 3 (Build target(s)).
     1>ClCompile:
         C:\Program Files (x86)\Microsoft Visual Studio 12.0\VC\bin\CL.exe /c /I"D:\Users\amt3824\Git\Brickware-Engine\BrickwareMath\\include" /ZI /nologo /W3 /WX- /sdl /Od /Oy- /D _WINDLL /D _MBCS /Gm /EHsc /RTC1 /MDd /GS /fp:precise /Zc:wchar_t /Zc:forScope /Fo"Debug\\" /Fd"Debug\vc120.pdb" /Gd /TP /analyze- /errorReport:prompt src\Bounds.cpp src\Matrix3.cpp src\Matrix4.cpp src\Quaternion.cpp src\Vector2.cpp src\Vector3.cpp src\Vector4.cpp
         Vector4.cpp
         Vector3.cpp
         Vector2.cpp
         Quaternion.cpp
         Matrix4.cpp
         Matrix3.cpp
         Bounds.cpp
         Generating Code...
       Link:
         C:\Program Files (x86)\Microsoft Visual Studio 12.0\VC\bin\link.exe /ERRORREPORT:PROMPT /OUT:"D:\Users\amt3824\Git\Brickware-Engine\Debug\BrickwareMath.dll" /INCREMENTAL /NOLOGO kernel32.lib user32.lib gdi32.lib winspool.lib comdlg32.lib advapi32.lib shell32.lib ole32.lib oleaut32.lib uuid.lib odbc32.lib odbccp32.lib /MANIFEST /MANIFESTUAC:"level='asInvoker' uiAccess='false'" /manifest:embed /DEBUG /PDB:"D:\Users\amt3824\Git\Brickware-Engine\Debug\BrickwareMath.pdb" /TLBID:1 /DYNAMICBASE /NXCOMPAT /IMPLIB:"D:\Users\amt3824\Git\Brickware-Engine\\Debug\BrickwareMath.lib" /MACHINE:X86 /DLL Debug\Bounds.obj
         Debug\Matrix3.obj
         Debug\Matrix4.obj
         Debug\Quaternion.obj
         Debug\Vector2.obj
         Debug\Vector3.obj
         Debug\Vector4.obj
            Creating library D:\Users\amt3824\Git\Brickware-Engine\\Debug\BrickwareMath.lib and object D:\Users\amt3824\Git\Brickware-Engine\\Debug\BrickwareMath.exp
         BrickwareMath.vcxproj -> D:\Users\amt3824\Git\Brickware-Engine\Debug\BrickwareMath.dll
     1>Done Building Project "D:\Users\amt3824\Git\Brickware-Engine\BrickwareMath\BrickwareMath.vcxproj" (Build target(s)).

Build succeeded.

Time Elapsed 00:00:03.39
