d:\users\amt3824\git\brickware-engine\debug\brickwaremath.lib
d:\users\amt3824\git\brickware-engine\debug\brickwaremath.exp
d:\users\amt3824\git\brickware-engine\brickwaremath\debug\vc120.pdb
d:\users\amt3824\git\brickware-engine\brickwaremath\debug\vc120.idb
d:\users\amt3824\git\brickware-engine\brickwaremath\debug\matrix3.obj
d:\users\amt3824\git\brickware-engine\brickwaremath\debug\matrix4.obj
d:\users\amt3824\git\brickware-engine\brickwaremath\debug\quaternion.obj
d:\users\amt3824\git\brickware-engine\brickwaremath\debug\vector2.obj
d:\users\amt3824\git\brickware-engine\brickwaremath\debug\vector3.obj
d:\users\amt3824\git\brickware-engine\brickwaremath\debug\vector4.obj
d:\users\amt3824\git\brickware-engine\debug\brickwaremath.ilk
d:\users\amt3824\git\brickware-engine\debug\brickwaremath.dll
d:\users\amt3824\git\brickware-engine\debug\brickwaremath.pdb
d:\users\amt3824\git\brickware-engine\brickwaremath\debug\brickwaremath.tlog\brickwaremath.write.1u.tlog
d:\users\amt3824\git\brickware-engine\brickwaremath\debug\brickwaremath.tlog\cl.command.1.tlog
d:\users\amt3824\git\brickware-engine\brickwaremath\debug\brickwaremath.tlog\cl.read.1.tlog
d:\users\amt3824\git\brickware-engine\brickwaremath\debug\brickwaremath.tlog\cl.write.1.tlog
d:\users\amt3824\git\brickware-engine\brickwaremath\debug\brickwaremath.tlog\link.command.1.tlog
d:\users\amt3824\git\brickware-engine\brickwaremath\debug\brickwaremath.tlog\link.read.1.tlog
d:\users\amt3824\git\brickware-engine\brickwaremath\debug\brickwaremath.tlog\link.write.1.tlog
