d:\users\amt3824\git\brickware-engine\build\testbuild\brickwaremath.lib
d:\users\amt3824\git\brickware-engine\build\testbuild\brickwaremath.exp
d:\users\amt3824\git\brickware-engine\build\brickwaremath\brickwaremath.dir\debug\vc120.pdb
d:\users\amt3824\git\brickware-engine\build\brickwaremath\brickwaremath.dir\debug\vector4.obj
d:\users\amt3824\git\brickware-engine\build\brickwaremath\brickwaremath.dir\debug\vector3.obj
d:\users\amt3824\git\brickware-engine\build\brickwaremath\brickwaremath.dir\debug\vector2.obj
d:\users\amt3824\git\brickware-engine\build\brickwaremath\brickwaremath.dir\debug\ray.obj
d:\users\amt3824\git\brickware-engine\build\brickwaremath\brickwaremath.dir\debug\quaternion.obj
d:\users\amt3824\git\brickware-engine\build\brickwaremath\brickwaremath.dir\debug\matrix4.obj
d:\users\amt3824\git\brickware-engine\build\brickwaremath\brickwaremath.dir\debug\matrix3.obj
d:\users\amt3824\git\brickware-engine\build\brickwaremath\brickwaremath.dir\debug\bounds.obj
d:\users\amt3824\git\brickware-engine\build\brickwaremath\cmakefiles\generate.stamp
d:\users\amt3824\git\brickware-engine\build\testbuild\brickwaremath.ilk
d:\users\amt3824\git\brickware-engine\build\testbuild\brickwaremath.dll
d:\users\amt3824\git\brickware-engine\build\testbuild\brickwaremath.pdb
d:\users\amt3824\git\brickware-engine\build\brickwaremath\brickwaremath.dir\debug\brickwaremath.tlog\brickwaremath.write.1u.tlog
d:\users\amt3824\git\brickware-engine\build\brickwaremath\brickwaremath.dir\debug\brickwaremath.tlog\cl.command.1.tlog
d:\users\amt3824\git\brickware-engine\build\brickwaremath\brickwaremath.dir\debug\brickwaremath.tlog\cl.read.1.tlog
d:\users\amt3824\git\brickware-engine\build\brickwaremath\brickwaremath.dir\debug\brickwaremath.tlog\cl.write.1.tlog
d:\users\amt3824\git\brickware-engine\build\brickwaremath\brickwaremath.dir\debug\brickwaremath.tlog\custombuild.command.1.tlog
d:\users\amt3824\git\brickware-engine\build\brickwaremath\brickwaremath.dir\debug\brickwaremath.tlog\custombuild.read.1.tlog
d:\users\amt3824\git\brickware-engine\build\brickwaremath\brickwaremath.dir\debug\brickwaremath.tlog\custombuild.write.1.tlog
d:\users\amt3824\git\brickware-engine\build\brickwaremath\brickwaremath.dir\debug\brickwaremath.tlog\link.command.1.tlog
d:\users\amt3824\git\brickware-engine\build\brickwaremath\brickwaremath.dir\debug\brickwaremath.tlog\link.read.1.tlog
d:\users\amt3824\git\brickware-engine\build\brickwaremath\brickwaremath.dir\debug\brickwaremath.tlog\link.write.1.tlog
