d:\users\amt3824\git\brickware-engine\build\testbuild\brickwarecore.lib
d:\users\amt3824\git\brickware-engine\build\testbuild\brickwarecore.exp
d:\users\amt3824\git\brickware-engine\build\brickwarecore\brickwarecore.dir\debug\vc120.pdb
d:\users\amt3824\git\brickware-engine\build\brickwarecore\brickwarecore.dir\debug\transform.obj
d:\users\amt3824\git\brickware-engine\build\brickwarecore\brickwarecore.dir\debug\spherecollider.obj
d:\users\amt3824\git\brickware-engine\build\brickwarecore\brickwarecore.dir\debug\screen.obj
d:\users\amt3824\git\brickware-engine\build\brickwarecore\brickwarecore.dir\debug\rigidbody.obj
d:\users\amt3824\git\brickware-engine\build\brickwarecore\brickwarecore.dir\debug\pointlight.obj
d:\users\amt3824\git\brickware-engine\build\brickwarecore\brickwarecore.dir\debug\physicsmanager.obj
d:\users\amt3824\git\brickware-engine\build\brickwarecore\brickwarecore.dir\debug\octree.obj
d:\users\amt3824\git\brickware-engine\build\brickwarecore\brickwarecore.dir\debug\meshrenderer.obj
d:\users\amt3824\git\brickware-engine\build\brickwarecore\brickwarecore.dir\debug\input.obj
d:\users\amt3824\git\brickware-engine\build\brickwarecore\brickwarecore.dir\debug\gametime.obj
d:\users\amt3824\git\brickware-engine\build\brickwarecore\brickwarecore.dir\debug\gameobject.obj
d:\users\amt3824\git\brickware-engine\build\brickwarecore\brickwarecore.dir\debug\game.obj
d:\users\amt3824\git\brickware-engine\build\brickwarecore\brickwarecore.dir\debug\frustumcollider.obj
d:\users\amt3824\git\brickware-engine\build\brickwarecore\brickwarecore.dir\debug\firstpersoncontroller.obj
d:\users\amt3824\git\brickware-engine\build\brickwarecore\brickwarecore.dir\debug\debug.obj
d:\users\amt3824\git\brickware-engine\build\brickwarecore\brickwarecore.dir\debug\component.obj
d:\users\amt3824\git\brickware-engine\build\brickwarecore\brickwarecore.dir\debug\collision.obj
d:\users\amt3824\git\brickware-engine\build\brickwarecore\brickwarecore.dir\debug\collider.obj
d:\users\amt3824\git\brickware-engine\build\brickwarecore\brickwarecore.dir\debug\camera.obj
d:\users\amt3824\git\brickware-engine\build\brickwarecore\brickwarecore.dir\debug\boxcollider.obj
d:\users\amt3824\git\brickware-engine\build\brickwarecore\cmakefiles\generate.stamp
d:\users\amt3824\git\brickware-engine\build\testbuild\brickwarecore.ilk
d:\users\amt3824\git\brickware-engine\build\testbuild\brickwarecore.dll
d:\users\amt3824\git\brickware-engine\build\testbuild\brickwarecore.pdb
d:\users\amt3824\git\brickware-engine\build\brickwarecore\brickwarecore.dir\debug\brickwarecore.tlog\brickwarecore.write.1u.tlog
d:\users\amt3824\git\brickware-engine\build\brickwarecore\brickwarecore.dir\debug\brickwarecore.tlog\cl.command.1.tlog
d:\users\amt3824\git\brickware-engine\build\brickwarecore\brickwarecore.dir\debug\brickwarecore.tlog\cl.read.1.tlog
d:\users\amt3824\git\brickware-engine\build\brickwarecore\brickwarecore.dir\debug\brickwarecore.tlog\cl.write.1.tlog
d:\users\amt3824\git\brickware-engine\build\brickwarecore\brickwarecore.dir\debug\brickwarecore.tlog\custombuild.command.1.tlog
d:\users\amt3824\git\brickware-engine\build\brickwarecore\brickwarecore.dir\debug\brickwarecore.tlog\custombuild.read.1.tlog
d:\users\amt3824\git\brickware-engine\build\brickwarecore\brickwarecore.dir\debug\brickwarecore.tlog\custombuild.write.1.tlog
d:\users\amt3824\git\brickware-engine\build\brickwarecore\brickwarecore.dir\debug\brickwarecore.tlog\link.command.1.tlog
d:\users\amt3824\git\brickware-engine\build\brickwarecore\brickwarecore.dir\debug\brickwarecore.tlog\link.read.1.tlog
d:\users\amt3824\git\brickware-engine\build\brickwarecore\brickwarecore.dir\debug\brickwarecore.tlog\link.write.1.tlog
