Build started 5/13/2015 3:37:16 PM.
     1>Project "D:\Users\amt3824\Git\Brickware-Engine\Build\BrickwareCore\BrickwareCore.vcxproj" on node 3 (Build target(s)).
     1>ClCompile:
         C:\Program Files (x86)\Microsoft Visual Studio 12.0\VC\bin\CL.exe /c /I"D:\Users\amt3824\Git\Brickware-Engine\BrickwareCore\include" /I"D:\Users\amt3824\Git\Brickware-Engine\BrickwareMath\include" /I"D:\Users\amt3824\Git\Brickware-Engine\BrickwareUtils\include" /I"D:\Users\amt3824\Git\Brickware-Engine\BrickwareGraphics\include" /I"D:\Users\amt3824\Git\Brickware-Engine\GL\include" /I"D:\Users\amt3824\Git\Brickware-Engine\GLFW\include" /Zi /nologo /W3 /WX- /Od /Ob0 /Oy- /D WIN32 /D _WINDOWS /D _DEBUG /D D3D_SUPPORT /D "CMAKE_INTDIR=\"Debug\"" /D BrickwareCore_EXPORTS /D _WINDLL /D _MBCS /Gm- /EHsc /RTC1 /MDd /GS /fp:precise /Zc:wchar_t /Zc:forScope /GR /Fo"BrickwareCore.dir\Debug\\" /Fd"BrickwareCore.dir\Debug\vc120.pdb" /Gd /TP /analyze- /errorReport:prompt "D:\Users\amt3824\Git\Brickware-Engine\BrickwareCore\src\BoxCollider.cpp" "D:\Users\amt3824\Git\Brickware-Engine\BrickwareCore\src\Camera.cpp" "D:\Users\amt3824\Git\Brickware-Engine\BrickwareCore\src\Collider.cpp" "D:\Users\amt3824\Git\Brickware-Engine\BrickwareCore\src\Collision.cpp" "D:\Users\amt3824\Git\Brickware-Engine\BrickwareCore\src\Component.cpp" "D:\Users\amt3824\Git\Brickware-Engine\BrickwareCore\src\FirstPersonController.cpp" "D:\Users\amt3824\Git\Brickware-Engine\BrickwareCore\src\FrustumCollider.cpp" "D:\Users\amt3824\Git\Brickware-Engine\BrickwareCore\src\Game.cpp" "D:\Users\amt3824\Git\Brickware-Engine\BrickwareCore\src\GameInputManager.cpp" "D:\Users\amt3824\Git\Brickware-Engine\BrickwareCore\src\GameObject.cpp" "D:\Users\amt3824\Git\Brickware-Engine\BrickwareCore\src\Input.cpp" "D:\Users\amt3824\Git\Brickware-Engine\BrickwareCore\src\MeshRenderer.cpp" "D:\Users\amt3824\Git\Brickware-Engine\BrickwareCore\src\Octree.cpp" "D:\Users\amt3824\Git\Brickware-Engine\BrickwareCore\src\PhysicsManager.cpp" "D:\Users\amt3824\Git\Brickware-Engine\BrickwareCore\src\PointLight.cpp" "D:\Users\amt3824\Git\Brickware-Engine\BrickwareCore\src\Rigidbody.cpp" "D:\Users\amt3824\Git\Brickware-Engine\BrickwareCore\src\Softbody.cpp" "D:\Users\amt3824\Git\Brickware-Engine\BrickwareCore\src\SphereCollider.cpp" "D:\Users\amt3824\Git\Brickware-Engine\BrickwareCore\src\Transform.cpp"
         BoxCollider.cpp
         Camera.cpp
         Collider.cpp
         Collision.cpp
         Component.cpp
         FirstPersonController.cpp
         FrustumCollider.cpp
         Game.cpp
         GameInputManager.cpp
         GameObject.cpp
         Input.cpp
         MeshRenderer.cpp
         Octree.cpp
         PhysicsManager.cpp
         PointLight.cpp
         Rigidbody.cpp
         Softbody.cpp
         SphereCollider.cpp
         Transform.cpp
         Generating Code...
       Link:
         C:\Program Files (x86)\Microsoft Visual Studio 12.0\VC\bin\link.exe /ERRORREPORT:PROMPT /OUT:"D:\Users\amt3824\Git\Brickware-Engine\Build\TestBuild\BrickwareCore.dll" /INCREMENTAL /NOLOGO kernel32.lib user32.lib gdi32.lib winspool.lib shell32.lib ole32.lib oleaut32.lib uuid.lib comdlg32.lib advapi32.lib d3d11.lib dxguid.lib d3dcompiler.lib ..\TestBuild\BrickwareGraphics.lib d3d11.lib dxguid.lib d3dcompiler.lib ..\TestBuild\BrickwareMath.lib ..\TestBuild\BrickwareUtils.lib /MANIFEST /MANIFESTUAC:"level='asInvoker' uiAccess='false'" /manifest:embed /DEBUG /PDB:"D:/Users/amt3824/Git/Brickware-Engine/Build/TestBuild/BrickwareCore.pdb" /SUBSYSTEM:CONSOLE /TLBID:1 /DYNAMICBASE /NXCOMPAT /IMPLIB:"D:/Users/amt3824/Git/Brickware-Engine/Build/TestBuild/BrickwareCore.lib" /MACHINE:X86 /SAFESEH  /machine:X86 /debug /DLL BrickwareCore.dir\Debug\BoxCollider.obj
         BrickwareCore.dir\Debug\Camera.obj
         BrickwareCore.dir\Debug\Collider.obj
         BrickwareCore.dir\Debug\Collision.obj
         BrickwareCore.dir\Debug\Component.obj
         BrickwareCore.dir\Debug\Debug.obj
         BrickwareCore.dir\Debug\FirstPersonController.obj
         BrickwareCore.dir\Debug\FrustumCollider.obj
         BrickwareCore.dir\Debug\Game.obj
         BrickwareCore.dir\Debug\GameInputManager.obj
         BrickwareCore.dir\Debug\GameObject.obj
         BrickwareCore.dir\Debug\GameTime.obj
         BrickwareCore.dir\Debug\Input.obj
         BrickwareCore.dir\Debug\MeshRenderer.obj
         BrickwareCore.dir\Debug\Octree.obj
         BrickwareCore.dir\Debug\PhysicsManager.obj
         BrickwareCore.dir\Debug\PointLight.obj
         BrickwareCore.dir\Debug\Rigidbody.obj
         BrickwareCore.dir\Debug\Screen.obj
         BrickwareCore.dir\Debug\Softbody.obj
         BrickwareCore.dir\Debug\SphereCollider.obj
         BrickwareCore.dir\Debug\Transform.obj
         BrickwareCore.vcxproj -> D:\Users\amt3824\Git\Brickware-Engine\Build\TestBuild\BrickwareCore.dll
     1>Done Building Project "D:\Users\amt3824\Git\Brickware-Engine\Build\BrickwareCore\BrickwareCore.vcxproj" (Build target(s)).

Build succeeded.

Time Elapsed 00:00:20.40
