d:\users\amt3824\git\brickware-engine\debug\brickwaregraphics.lib
d:\users\amt3824\git\brickware-engine\debug\brickwaregraphics.exp
d:\users\amt3824\git\brickware-engine\brickwaregraphics\debug\vc120.pdb
d:\users\amt3824\git\brickware-engine\brickwaregraphics\debug\vc120.idb
d:\users\amt3824\git\brickware-engine\brickwaregraphics\debug\dxerr.obj
d:\users\amt3824\git\brickware-engine\brickwaregraphics\debug\light.obj
d:\users\amt3824\git\brickware-engine\brickwaregraphics\debug\material.obj
d:\users\amt3824\git\brickware-engine\brickwaregraphics\debug\materiald3d.obj
d:\users\amt3824\git\brickware-engine\brickwaregraphics\debug\materialgl.obj
d:\users\amt3824\git\brickware-engine\brickwaregraphics\debug\primitive.obj
d:\users\amt3824\git\brickware-engine\brickwaregraphics\debug\primitivemanager.obj
d:\users\amt3824\git\brickware-engine\brickwaregraphics\debug\renderingmanager.obj
d:\users\amt3824\git\brickware-engine\brickwaregraphics\debug\renderingmanagerd3d.obj
d:\users\amt3824\git\brickware-engine\brickwaregraphics\debug\renderingmanagergl.obj
d:\users\amt3824\git\brickware-engine\brickwaregraphics\debug\shader.obj
d:\users\amt3824\git\brickware-engine\brickwaregraphics\debug\shaderd3d.obj
d:\users\amt3824\git\brickware-engine\brickwaregraphics\debug\shadergl.obj
d:\users\amt3824\git\brickware-engine\brickwaregraphics\debug\texture.obj
d:\users\amt3824\git\brickware-engine\brickwaregraphics\debug\textured3d.obj
d:\users\amt3824\git\brickware-engine\brickwaregraphics\debug\texturegl.obj
d:\users\amt3824\git\brickware-engine\brickwaregraphics\debug\mesh.obj
d:\users\amt3824\git\brickware-engine\debug\brickwaregraphics.ilk
d:\users\amt3824\git\brickware-engine\debug\brickwaregraphics.dll
d:\users\amt3824\git\brickware-engine\debug\brickwaregraphics.pdb
d:\users\amt3824\git\brickware-engine\brickwaregraphics\debug\brickwar.240d881d.tlog\brickwaregraphics.write.1u.tlog
d:\users\amt3824\git\brickware-engine\brickwaregraphics\debug\brickwar.240d881d.tlog\cl.command.1.tlog
d:\users\amt3824\git\brickware-engine\brickwaregraphics\debug\brickwar.240d881d.tlog\cl.read.1.tlog
d:\users\amt3824\git\brickware-engine\brickwaregraphics\debug\brickwar.240d881d.tlog\cl.write.1.tlog
d:\users\amt3824\git\brickware-engine\brickwaregraphics\debug\brickwar.240d881d.tlog\link.command.1.tlog
d:\users\amt3824\git\brickware-engine\brickwaregraphics\debug\brickwar.240d881d.tlog\link.read.1.tlog
d:\users\amt3824\git\brickware-engine\brickwaregraphics\debug\brickwar.240d881d.tlog\link.write.1.tlog
